<?xml version="1.0" encoding="UTF-8"?>
<coverage generated="1755194975730" clover="3.2.0">
  <project timestamp="1755194975730" name="All files">
    <metrics statements="25" coveredstatements="14" conditionals="4" coveredconditionals="3" methods="9" coveredmethods="3" elements="38" coveredelements="20" complexity="0" loc="25" ncloc="25" packages="1" files="2" classes="2"/>
    <file name="main.ts" path="C:\Users\TeamLead-PC\dev\14-15-sprint-FILM\UnitTEsts-part_1and_2\web-plus-backend-testing-2\src\main.ts">
      <metrics statements="5" coveredstatements="0" conditionals="0" coveredconditionals="0" methods="1" coveredmethods="0"/>
      <line num="1" count="0" type="stmt"/>
      <line num="2" count="0" type="stmt"/>
      <line num="5" count="0" type="stmt"/>
      <line num="6" count="0" type="stmt"/>
      <line num="8" count="0" type="stmt"/>
    </file>
    <file name="posts.service.ts" path="C:\Users\TeamLead-PC\dev\14-15-sprint-FILM\UnitTEsts-part_1and_2\web-plus-backend-testing-2\src\posts.service.ts">
      <metrics statements="20" coveredstatements="14" conditionals="4" coveredconditionals="3" methods="8" coveredmethods="3"/>
      <line num="1" count="1" type="stmt"/>
      <line num="16" count="1" type="stmt"/>
      <line num="17" count="9" type="stmt"/>
      <line num="18" count="9" type="stmt"/>
      <line num="21" count="36" type="stmt"/>
      <line num="26" count="36" type="stmt"/>
      <line num="28" count="36" type="stmt"/>
      <line num="30" count="36" type="stmt"/>
      <line num="34" count="9" type="stmt"/>
      <line num="37" count="9" type="cond" truecount="1" falsecount="0"/>
      <line num="38" count="6" type="stmt"/>
      <line num="42" count="9" type="cond" truecount="1" falsecount="0"/>
      <line num="43" count="5" type="stmt"/>
      <line num="46" count="9" type="stmt"/>
      <line num="50" count="0" type="stmt"/>
      <line num="54" count="0" type="stmt"/>
      <line num="58" count="0" type="stmt"/>
      <line num="60" count="0" type="cond" truecount="0" falsecount="1"/>
      <line num="61" count="0" type="stmt"/>
      <line num="64" count="0" type="stmt"/>
    </file>
  </project>
</coverage>
