{"C:\\Users\\TeamLead-PC\\dev\\14-15-sprint-FILM\\UnitTEsts-part_1and_2\\web-plus-backend-testing-2\\src\\main.ts": {"path":"C:\\Users\\TeamLead-PC\\dev\\14-15-sprint-FILM\\UnitTEsts-part_1and_2\\web-plus-backend-testing-2\\src\\main.ts","statementMap":{"0":{"start":{"line":1,"column":0},"end":{"line":1,"column":43}},"1":{"start":{"line":2,"column":0},"end":{"line":2,"column":41}},"2":{"start":{"line":5,"column":14},"end":{"line":5,"column":49}},"3":{"start":{"line":6,"column":2},"end":{"line":6,"column":25}},"4":{"start":{"line":8,"column":0},"end":{"line":8,"column":12}}},"fnMap":{"0":{"name":"bootstrap","decl":{"start":{"line":4,"column":15},"end":{"line":4,"column":24}},"loc":{"start":{"line":4,"column":24},"end":{"line":7,"column":1}}}},"branchMap":{},"s":{"0":0,"1":0,"2":0,"3":0,"4":0},"f":{"0":0},"b":{}}
,"C:\\Users\\TeamLead-PC\\dev\\14-15-sprint-FILM\\UnitTEsts-part_1and_2\\web-plus-backend-testing-2\\src\\posts.service.ts": {"path":"C:\\Users\\TeamLead-PC\\dev\\14-15-sprint-FILM\\UnitTEsts-part_1and_2\\web-plus-backend-testing-2\\src\\posts.service.ts","statementMap":{"0":{"start":{"line":1,"column":0},"end":{"line":1,"column":44}},"1":{"start":{"line":16,"column":7},"end":{"line":66,"column":null}},"2":{"start":{"line":17,"column":10},"end":{"line":17,"column":29}},"3":{"start":{"line":18,"column":10},"end":{"line":18,"column":25}},"4":{"start":{"line":21,"column":20},"end":{"line":23,"column":null}},"5":{"start":{"line":26,"column":4},"end":{"line":26,"column":22}},"6":{"start":{"line":28,"column":4},"end":{"line":28,"column":32}},"7":{"start":{"line":30,"column":4},"end":{"line":30,"column":22}},"8":{"start":{"line":34,"column":21},"end":{"line":34,"column":31}},"9":{"start":{"line":37,"column":4},"end":{"line":39,"column":null}},"10":{"start":{"line":38,"column":6},"end":{"line":38,"column":42}},"11":{"start":{"line":42,"column":4},"end":{"line":44,"column":null}},"12":{"start":{"line":43,"column":6},"end":{"line":43,"column":46}},"13":{"start":{"line":46,"column":4},"end":{"line":46,"column":22}},"14":{"start":{"line":50,"column":4},"end":{"line":50,"column":54}},"15":{"start":{"line":50,"column":39},"end":{"line":50,"column":52}},"16":{"start":{"line":54,"column":4},"end":{"line":54,"column":62}},"17":{"start":{"line":54,"column":47},"end":{"line":54,"column":60}},"18":{"start":{"line":58,"column":25},"end":{"line":58,"column":42}},"19":{"start":{"line":60,"column":4},"end":{"line":62,"column":null}},"20":{"start":{"line":61,"column":6},"end":{"line":61,"column":40}},"21":{"start":{"line":64,"column":4},"end":{"line":64,"column":38}},"22":{"start":{"line":16,"column":13},"end":{"line":66,"column":null}},"23":{"start":{"line":16,"column":13},"end":{"line":16,"column":25}}},"fnMap":{"0":{"name":"(anonymous_1)","decl":{"start":{"line":16,"column":7},"end":{"line":16,"column":13}},"loc":{"start":{"line":16,"column":7},"end":{"line":66,"column":1}}},"1":{"name":"(anonymous_2)","decl":{"start":{"line":20,"column":2},"end":{"line":20,"column":8}},"loc":{"start":{"line":20,"column":40},"end":{"line":31,"column":3}}},"2":{"name":"(anonymous_3)","decl":{"start":{"line":33,"column":2},"end":{"line":33,"column":10}},"loc":{"start":{"line":33,"column":48},"end":{"line":47,"column":3}}},"3":{"name":"(anonymous_4)","decl":{"start":{"line":49,"column":2},"end":{"line":49,"column":6}},"loc":{"start":{"line":49,"column":21},"end":{"line":51,"column":3}}},"4":{"name":"(anonymous_5)","decl":{"start":{"line":50,"column":27},"end":{"line":50,"column":28}},"loc":{"start":{"line":50,"column":39},"end":{"line":50,"column":52}}},"5":{"name":"(anonymous_6)","decl":{"start":{"line":53,"column":2},"end":{"line":53,"column":8}},"loc":{"start":{"line":53,"column":23},"end":{"line":55,"column":3}}},"6":{"name":"(anonymous_7)","decl":{"start":{"line":54,"column":35},"end":{"line":54,"column":36}},"loc":{"start":{"line":54,"column":47},"end":{"line":54,"column":60}}},"7":{"name":"(anonymous_8)","decl":{"start":{"line":57,"column":2},"end":{"line":57,"column":8}},"loc":{"start":{"line":57,"column":49},"end":{"line":65,"column":3}}}},"branchMap":{"0":{"loc":{"start":{"line":33,"column":11},"end":{"line":33,"column":48}},"type":"default-arg","locations":[{"start":{"line":33,"column":46},"end":{"line":33,"column":48}}]},"1":{"loc":{"start":{"line":37,"column":4},"end":{"line":39,"column":null}},"type":"if","locations":[{"start":{"line":37,"column":4},"end":{"line":39,"column":null}}]},"2":{"loc":{"start":{"line":42,"column":4},"end":{"line":44,"column":null}},"type":"if","locations":[{"start":{"line":42,"column":4},"end":{"line":44,"column":null}}]},"3":{"loc":{"start":{"line":60,"column":4},"end":{"line":62,"column":null}},"type":"if","locations":[{"start":{"line":60,"column":4},"end":{"line":62,"column":null}}]}},"s":{"0":1,"1":1,"2":9,"3":9,"4":36,"5":36,"6":36,"7":36,"8":9,"9":9,"10":6,"11":9,"12":5,"13":9,"14":0,"15":0,"16":0,"17":0,"18":0,"19":0,"20":0,"21":0,"22":1,"23":1},"f":{"0":9,"1":36,"2":9,"3":0,"4":0,"5":0,"6":0,"7":0},"b":{"0":[1],"1":[6],"2":[5],"3":[0]}}
}
