TN:
SF:src\main.ts
FN:4,bootstrap
FNF:1
FNH:0
FNDA:0,bootstrap
DA:1,0
DA:2,0
DA:5,0
DA:6,0
DA:8,0
LF:5
LH:0
BRF:0
BRH:0
end_of_record
TN:
SF:src\posts.service.ts
FN:16,(anonymous_1)
FN:20,(anonymous_2)
FN:33,(anonymous_3)
FN:49,(anonymous_4)
FN:50,(anonymous_5)
FN:53,(anonymous_6)
FN:54,(anonymous_7)
FN:57,(anonymous_8)
FNF:8
FNH:3
FNDA:9,(anonymous_1)
FNDA:36,(anonymous_2)
FNDA:9,(anonymous_3)
FNDA:0,(anonymous_4)
FNDA:0,(anonymous_5)
FNDA:0,(anonymous_6)
FNDA:0,(anonymous_7)
FNDA:0,(anonymous_8)
DA:1,1
DA:16,1
DA:17,9
DA:18,9
DA:21,36
DA:26,36
DA:28,36
DA:30,36
DA:34,9
DA:37,9
DA:38,6
DA:42,9
DA:43,5
DA:46,9
DA:50,0
DA:54,0
DA:58,0
DA:60,0
DA:61,0
DA:64,0
LF:20
LH:14
BRDA:33,0,0,1
BRDA:37,1,0,6
BRDA:42,2,0,5
BRDA:60,3,0,0
BRF:4
BRH:3
end_of_record
